ARM GAS  C:\Users\Raulmo\AppData\Local\Temp\ccEmt9rt.s 			page 1


   1              		.cpu cortex-m0
   2              		.fpu softvfp
   3              		.eabi_attribute 20, 1
   4              		.eabi_attribute 21, 1
   5              		.eabi_attribute 23, 3
   6              		.eabi_attribute 24, 1
   7              		.eabi_attribute 25, 1
   8              		.eabi_attribute 26, 1
   9              		.eabi_attribute 30, 1
  10              		.eabi_attribute 34, 0
  11              		.eabi_attribute 18, 4
  12              		.code	16
  13              		.file	"BLE_HAL_INT.c"
  14              		.text
  15              	.Ltext0:
  16              		.cfi_sections	.debug_frame
  17              		.section	.text.CyBLE_Bless_Interrupt,"ax",%progbits
  18              		.align	2
  19              		.global	CyBLE_Bless_Interrupt
  20              		.code	16
  21              		.thumb_func
  22              		.type	CyBLE_Bless_Interrupt, %function
  23              	CyBLE_Bless_Interrupt:
  24              	.LFB2:
  25              		.file 1 ".\\Generated_Source\\PSoC4\\BLE_HAL_INT.c"
   1:.\Generated_Source\PSoC4/BLE_HAL_INT.c **** /*******************************************************************************
   2:.\Generated_Source\PSoC4/BLE_HAL_INT.c **** * File Name: BLE_HAL_INT.c
   3:.\Generated_Source\PSoC4/BLE_HAL_INT.c **** * Version 2.0
   4:.\Generated_Source\PSoC4/BLE_HAL_INT.c **** *
   5:.\Generated_Source\PSoC4/BLE_HAL_INT.c **** * Description:
   6:.\Generated_Source\PSoC4/BLE_HAL_INT.c **** *  This file contains the source code for the Interrupt Service Routine for the
   7:.\Generated_Source\PSoC4/BLE_HAL_INT.c **** *  HAL section of the BLE component
   8:.\Generated_Source\PSoC4/BLE_HAL_INT.c **** *
   9:.\Generated_Source\PSoC4/BLE_HAL_INT.c **** ********************************************************************************
  10:.\Generated_Source\PSoC4/BLE_HAL_INT.c **** * Copyright 2014-2015, Cypress Semiconductor Corporation.  All rights reserved.
  11:.\Generated_Source\PSoC4/BLE_HAL_INT.c **** * You may use this file only in accordance with the license, terms, conditions,
  12:.\Generated_Source\PSoC4/BLE_HAL_INT.c **** * disclaimers, and limitations in the end user license agreement accompanying
  13:.\Generated_Source\PSoC4/BLE_HAL_INT.c **** * the software package with which this file was provided.
  14:.\Generated_Source\PSoC4/BLE_HAL_INT.c **** *******************************************************************************/
  15:.\Generated_Source\PSoC4/BLE_HAL_INT.c **** 
  16:.\Generated_Source\PSoC4/BLE_HAL_INT.c **** #include "BLE_HAL_PVT.h"
  17:.\Generated_Source\PSoC4/BLE_HAL_INT.c **** 
  18:.\Generated_Source\PSoC4/BLE_HAL_INT.c **** 
  19:.\Generated_Source\PSoC4/BLE_HAL_INT.c **** /*******************************************************************************
  20:.\Generated_Source\PSoC4/BLE_HAL_INT.c **** * Function Name: CyBLE_Bless_Interrupt
  21:.\Generated_Source\PSoC4/BLE_HAL_INT.c **** ********************************************************************************
  22:.\Generated_Source\PSoC4/BLE_HAL_INT.c **** *
  23:.\Generated_Source\PSoC4/BLE_HAL_INT.c **** * Summary:
  24:.\Generated_Source\PSoC4/BLE_HAL_INT.c **** *  Handles the Interrupt Service Routine for the BLE sub-system.
  25:.\Generated_Source\PSoC4/BLE_HAL_INT.c **** *
  26:.\Generated_Source\PSoC4/BLE_HAL_INT.c **** * Parameters:
  27:.\Generated_Source\PSoC4/BLE_HAL_INT.c **** *  None
  28:.\Generated_Source\PSoC4/BLE_HAL_INT.c **** *
  29:.\Generated_Source\PSoC4/BLE_HAL_INT.c **** * Return:
  30:.\Generated_Source\PSoC4/BLE_HAL_INT.c **** *  None
  31:.\Generated_Source\PSoC4/BLE_HAL_INT.c **** *
  32:.\Generated_Source\PSoC4/BLE_HAL_INT.c **** *******************************************************************************/
ARM GAS  C:\Users\Raulmo\AppData\Local\Temp\ccEmt9rt.s 			page 2


  33:.\Generated_Source\PSoC4/BLE_HAL_INT.c **** CY_ISR(CyBLE_Bless_Interrupt)
  34:.\Generated_Source\PSoC4/BLE_HAL_INT.c **** {
  26              		.loc 1 34 0
  27              		.cfi_startproc
  28 0000 08B5     		push	{r3, lr}
  29              		.cfi_def_cfa_offset 8
  30              		.cfi_offset 3, -8
  31              		.cfi_offset 14, -4
  35:.\Generated_Source\PSoC4/BLE_HAL_INT.c ****     #if(CYBLE_STACK_MODE_DEBUG)
  36:.\Generated_Source\PSoC4/BLE_HAL_INT.c ****         CyBle_ApplCallback(CYBLE_DEBUG_EVT_BLESS_INT, NULL);
  37:.\Generated_Source\PSoC4/BLE_HAL_INT.c ****     #endif /* CYBLE_STACK_MODE_DEBUG */
  38:.\Generated_Source\PSoC4/BLE_HAL_INT.c **** 
  39:.\Generated_Source\PSoC4/BLE_HAL_INT.c ****     /* Call stack manager bless function handler */
  40:.\Generated_Source\PSoC4/BLE_HAL_INT.c ****     CyBLE_pf_bless_event_hdlr();
  32              		.loc 1 40 0
  33 0002 FFF7FEFF 		bl	CyBle_BleSSInterruptHandler
  34              	.LVL0:
  41:.\Generated_Source\PSoC4/BLE_HAL_INT.c ****     /* Host stack takes care of clearing interrupts */
  42:.\Generated_Source\PSoC4/BLE_HAL_INT.c **** }
  35              		.loc 1 42 0
  36              		@ sp needed
  37 0006 08BD     		pop	{r3, pc}
  38              		.cfi_endproc
  39              	.LFE2:
  40              		.size	CyBLE_Bless_Interrupt, .-CyBLE_Bless_Interrupt
  41              		.text
  42              	.Letext0:
  43              		.file 2 ".\\Generated_Source\\PSoC4\\BLE_STACK_PVT.h"
  44              		.section	.debug_info,"",%progbits
  45              	.Ldebug_info0:
  46 0000 AA000000 		.4byte	0xaa
  47 0004 0400     		.2byte	0x4
  48 0006 00000000 		.4byte	.Ldebug_abbrev0
  49 000a 04       		.byte	0x4
  50 000b 01       		.uleb128 0x1
  51 000c 2F010000 		.4byte	.LASF13
  52 0010 01       		.byte	0x1
  53 0011 4E000000 		.4byte	.LASF14
  54 0015 0E000000 		.4byte	.LASF15
  55 0019 00000000 		.4byte	.Ldebug_ranges0+0
  56 001d 00000000 		.4byte	0
  57 0021 00000000 		.4byte	.Ldebug_line0
  58 0025 02       		.uleb128 0x2
  59 0026 01       		.byte	0x1
  60 0027 06       		.byte	0x6
  61 0028 06010000 		.4byte	.LASF0
  62 002c 02       		.uleb128 0x2
  63 002d 01       		.byte	0x1
  64 002e 08       		.byte	0x8
  65 002f 9E000000 		.4byte	.LASF1
  66 0033 02       		.uleb128 0x2
  67 0034 02       		.byte	0x2
  68 0035 05       		.byte	0x5
  69 0036 18010000 		.4byte	.LASF2
  70 003a 02       		.uleb128 0x2
  71 003b 02       		.byte	0x2
  72 003c 07       		.byte	0x7
ARM GAS  C:\Users\Raulmo\AppData\Local\Temp\ccEmt9rt.s 			page 3


  73 003d F3000000 		.4byte	.LASF3
  74 0041 02       		.uleb128 0x2
  75 0042 04       		.byte	0x4
  76 0043 05       		.byte	0x5
  77 0044 B1000000 		.4byte	.LASF4
  78 0048 02       		.uleb128 0x2
  79 0049 04       		.byte	0x4
  80 004a 07       		.byte	0x7
  81 004b 75000000 		.4byte	.LASF5
  82 004f 02       		.uleb128 0x2
  83 0050 08       		.byte	0x8
  84 0051 05       		.byte	0x5
  85 0052 00000000 		.4byte	.LASF6
  86 0056 02       		.uleb128 0x2
  87 0057 08       		.byte	0x8
  88 0058 07       		.byte	0x7
  89 0059 87000000 		.4byte	.LASF7
  90 005d 03       		.uleb128 0x3
  91 005e 04       		.byte	0x4
  92 005f 05       		.byte	0x5
  93 0060 696E7400 		.ascii	"int\000"
  94 0064 02       		.uleb128 0x2
  95 0065 04       		.byte	0x4
  96 0066 07       		.byte	0x7
  97 0067 22010000 		.4byte	.LASF8
  98 006b 02       		.uleb128 0x2
  99 006c 04       		.byte	0x4
 100 006d 04       		.byte	0x4
 101 006e 12010000 		.4byte	.LASF9
 102 0072 02       		.uleb128 0x2
 103 0073 08       		.byte	0x8
 104 0074 04       		.byte	0x4
 105 0075 D0000000 		.4byte	.LASF10
 106 0079 02       		.uleb128 0x2
 107 007a 01       		.byte	0x1
 108 007b 08       		.byte	0x8
 109 007c AC000000 		.4byte	.LASF11
 110 0080 02       		.uleb128 0x2
 111 0081 04       		.byte	0x4
 112 0082 07       		.byte	0x7
 113 0083 AB010000 		.4byte	.LASF12
 114 0087 04       		.uleb128 0x4
 115 0088 BA000000 		.4byte	.LASF16
 116 008c 01       		.byte	0x1
 117 008d 21       		.byte	0x21
 118 008e 00000000 		.4byte	.LFB2
 119 0092 08000000 		.4byte	.LFE2-.LFB2
 120 0096 01       		.uleb128 0x1
 121 0097 9C       		.byte	0x9c
 122 0098 A6000000 		.4byte	0xa6
 123 009c 05       		.uleb128 0x5
 124 009d 06000000 		.4byte	.LVL0
 125 00a1 A6000000 		.4byte	0xa6
 126 00a5 00       		.byte	0
 127 00a6 06       		.uleb128 0x6
 128 00a7 D7000000 		.4byte	.LASF17
 129 00ab 02       		.byte	0x2
ARM GAS  C:\Users\Raulmo\AppData\Local\Temp\ccEmt9rt.s 			page 4


 130 00ac 35       		.byte	0x35
 131 00ad 00       		.byte	0
 132              		.section	.debug_abbrev,"",%progbits
 133              	.Ldebug_abbrev0:
 134 0000 01       		.uleb128 0x1
 135 0001 11       		.uleb128 0x11
 136 0002 01       		.byte	0x1
 137 0003 25       		.uleb128 0x25
 138 0004 0E       		.uleb128 0xe
 139 0005 13       		.uleb128 0x13
 140 0006 0B       		.uleb128 0xb
 141 0007 03       		.uleb128 0x3
 142 0008 0E       		.uleb128 0xe
 143 0009 1B       		.uleb128 0x1b
 144 000a 0E       		.uleb128 0xe
 145 000b 55       		.uleb128 0x55
 146 000c 17       		.uleb128 0x17
 147 000d 11       		.uleb128 0x11
 148 000e 01       		.uleb128 0x1
 149 000f 10       		.uleb128 0x10
 150 0010 17       		.uleb128 0x17
 151 0011 00       		.byte	0
 152 0012 00       		.byte	0
 153 0013 02       		.uleb128 0x2
 154 0014 24       		.uleb128 0x24
 155 0015 00       		.byte	0
 156 0016 0B       		.uleb128 0xb
 157 0017 0B       		.uleb128 0xb
 158 0018 3E       		.uleb128 0x3e
 159 0019 0B       		.uleb128 0xb
 160 001a 03       		.uleb128 0x3
 161 001b 0E       		.uleb128 0xe
 162 001c 00       		.byte	0
 163 001d 00       		.byte	0
 164 001e 03       		.uleb128 0x3
 165 001f 24       		.uleb128 0x24
 166 0020 00       		.byte	0
 167 0021 0B       		.uleb128 0xb
 168 0022 0B       		.uleb128 0xb
 169 0023 3E       		.uleb128 0x3e
 170 0024 0B       		.uleb128 0xb
 171 0025 03       		.uleb128 0x3
 172 0026 08       		.uleb128 0x8
 173 0027 00       		.byte	0
 174 0028 00       		.byte	0
 175 0029 04       		.uleb128 0x4
 176 002a 2E       		.uleb128 0x2e
 177 002b 01       		.byte	0x1
 178 002c 3F       		.uleb128 0x3f
 179 002d 19       		.uleb128 0x19
 180 002e 03       		.uleb128 0x3
 181 002f 0E       		.uleb128 0xe
 182 0030 3A       		.uleb128 0x3a
 183 0031 0B       		.uleb128 0xb
 184 0032 3B       		.uleb128 0x3b
 185 0033 0B       		.uleb128 0xb
 186 0034 27       		.uleb128 0x27
ARM GAS  C:\Users\Raulmo\AppData\Local\Temp\ccEmt9rt.s 			page 5


 187 0035 19       		.uleb128 0x19
 188 0036 11       		.uleb128 0x11
 189 0037 01       		.uleb128 0x1
 190 0038 12       		.uleb128 0x12
 191 0039 06       		.uleb128 0x6
 192 003a 40       		.uleb128 0x40
 193 003b 18       		.uleb128 0x18
 194 003c 9742     		.uleb128 0x2117
 195 003e 19       		.uleb128 0x19
 196 003f 01       		.uleb128 0x1
 197 0040 13       		.uleb128 0x13
 198 0041 00       		.byte	0
 199 0042 00       		.byte	0
 200 0043 05       		.uleb128 0x5
 201 0044 898201   		.uleb128 0x4109
 202 0047 00       		.byte	0
 203 0048 11       		.uleb128 0x11
 204 0049 01       		.uleb128 0x1
 205 004a 31       		.uleb128 0x31
 206 004b 13       		.uleb128 0x13
 207 004c 00       		.byte	0
 208 004d 00       		.byte	0
 209 004e 06       		.uleb128 0x6
 210 004f 2E       		.uleb128 0x2e
 211 0050 00       		.byte	0
 212 0051 3F       		.uleb128 0x3f
 213 0052 19       		.uleb128 0x19
 214 0053 03       		.uleb128 0x3
 215 0054 0E       		.uleb128 0xe
 216 0055 3A       		.uleb128 0x3a
 217 0056 0B       		.uleb128 0xb
 218 0057 3B       		.uleb128 0x3b
 219 0058 0B       		.uleb128 0xb
 220 0059 27       		.uleb128 0x27
 221 005a 19       		.uleb128 0x19
 222 005b 3C       		.uleb128 0x3c
 223 005c 19       		.uleb128 0x19
 224 005d 00       		.byte	0
 225 005e 00       		.byte	0
 226 005f 00       		.byte	0
 227              		.section	.debug_aranges,"",%progbits
 228 0000 1C000000 		.4byte	0x1c
 229 0004 0200     		.2byte	0x2
 230 0006 00000000 		.4byte	.Ldebug_info0
 231 000a 04       		.byte	0x4
 232 000b 00       		.byte	0
 233 000c 0000     		.2byte	0
 234 000e 0000     		.2byte	0
 235 0010 00000000 		.4byte	.LFB2
 236 0014 08000000 		.4byte	.LFE2-.LFB2
 237 0018 00000000 		.4byte	0
 238 001c 00000000 		.4byte	0
 239              		.section	.debug_ranges,"",%progbits
 240              	.Ldebug_ranges0:
 241 0000 00000000 		.4byte	.LFB2
 242 0004 08000000 		.4byte	.LFE2
 243 0008 00000000 		.4byte	0
ARM GAS  C:\Users\Raulmo\AppData\Local\Temp\ccEmt9rt.s 			page 6


 244 000c 00000000 		.4byte	0
 245              		.section	.debug_line,"",%progbits
 246              	.Ldebug_line0:
 247 0000 67000000 		.section	.debug_str,"MS",%progbits,1
 247      02005000 
 247      00000201 
 247      FB0E0D00 
 247      01010101 
 248              	.LASF6:
 249 0000 6C6F6E67 		.ascii	"long long int\000"
 249      206C6F6E 
 249      6720696E 
 249      7400
 250              	.LASF15:
 251 000e 433A5C55 		.ascii	"C:\\Users\\Raulmo\\Desktop\\Lightening\\BLE_FindMe0"
 251      73657273 
 251      5C526175 
 251      6C6D6F5C 
 251      4465736B 
 252 003c 315C4944 		.ascii	"1\\IDAC_BLE2.cydsn\000"
 252      41435F42 
 252      4C45322E 
 252      63796473 
 252      6E00
 253              	.LASF14:
 254 004e 2E5C4765 		.ascii	".\\Generated_Source\\PSoC4\\BLE_HAL_INT.c\000"
 254      6E657261 
 254      7465645F 
 254      536F7572 
 254      63655C50 
 255              	.LASF5:
 256 0075 6C6F6E67 		.ascii	"long unsigned int\000"
 256      20756E73 
 256      69676E65 
 256      6420696E 
 256      7400
 257              	.LASF7:
 258 0087 6C6F6E67 		.ascii	"long long unsigned int\000"
 258      206C6F6E 
 258      6720756E 
 258      7369676E 
 258      65642069 
 259              	.LASF1:
 260 009e 756E7369 		.ascii	"unsigned char\000"
 260      676E6564 
 260      20636861 
 260      7200
 261              	.LASF11:
 262 00ac 63686172 		.ascii	"char\000"
 262      00
 263              	.LASF4:
 264 00b1 6C6F6E67 		.ascii	"long int\000"
 264      20696E74 
 264      00
 265              	.LASF16:
 266 00ba 4379424C 		.ascii	"CyBLE_Bless_Interrupt\000"
 266      455F426C 
ARM GAS  C:\Users\Raulmo\AppData\Local\Temp\ccEmt9rt.s 			page 7


 266      6573735F 
 266      496E7465 
 266      72727570 
 267              	.LASF10:
 268 00d0 646F7562 		.ascii	"double\000"
 268      6C6500
 269              	.LASF17:
 270 00d7 4379426C 		.ascii	"CyBle_BleSSInterruptHandler\000"
 270      655F426C 
 270      65535349 
 270      6E746572 
 270      72757074 
 271              	.LASF3:
 272 00f3 73686F72 		.ascii	"short unsigned int\000"
 272      7420756E 
 272      7369676E 
 272      65642069 
 272      6E7400
 273              	.LASF0:
 274 0106 7369676E 		.ascii	"signed char\000"
 274      65642063 
 274      68617200 
 275              	.LASF9:
 276 0112 666C6F61 		.ascii	"float\000"
 276      7400
 277              	.LASF2:
 278 0118 73686F72 		.ascii	"short int\000"
 278      7420696E 
 278      7400
 279              	.LASF8:
 280 0122 756E7369 		.ascii	"unsigned int\000"
 280      676E6564 
 280      20696E74 
 280      00
 281              	.LASF13:
 282 012f 474E5520 		.ascii	"GNU C 4.8.4 20140526 (release) [ARM/embedded-4_8-br"
 282      4320342E 
 282      382E3420 
 282      32303134 
 282      30353236 
 283 0162 616E6368 		.ascii	"anch revision 211358] -mcpu=cortex-m0 -mthumb -g -O"
 283      20726576 
 283      6973696F 
 283      6E203231 
 283      31333538 
 284 0195 67202D66 		.ascii	"g -ffunction-sections\000"
 284      66756E63 
 284      74696F6E 
 284      2D736563 
 284      74696F6E 
 285              	.LASF12:
 286 01ab 73697A65 		.ascii	"sizetype\000"
 286      74797065 
 286      00
 287              		.ident	"GCC: (GNU Tools for ARM Embedded Processors) 4.8.4 20140526 (release) [ARM/embedded-4_8-br
