ARM GAS  C:\Users\Raulmo\AppData\Local\Temp\cc5JAujf.s 			page 1


   1              		.cpu cortex-m0
   2              		.fpu softvfp
   3              		.eabi_attribute 20, 1
   4              		.eabi_attribute 21, 1
   5              		.eabi_attribute 23, 3
   6              		.eabi_attribute 24, 1
   7              		.eabi_attribute 25, 1
   8              		.eabi_attribute 26, 1
   9              		.eabi_attribute 30, 1
  10              		.eabi_attribute 34, 0
  11              		.eabi_attribute 18, 4
  12              		.code	16
  13              		.file	"IDAC_PM.c"
  14              		.text
  15              	.Ltext0:
  16              		.cfi_sections	.debug_frame
  17              		.section	.text.IDAC_SaveConfig,"ax",%progbits
  18              		.align	2
  19              		.global	IDAC_SaveConfig
  20              		.code	16
  21              		.thumb_func
  22              		.type	IDAC_SaveConfig, %function
  23              	IDAC_SaveConfig:
  24              	.LFB2:
  25              		.file 1 ".\\Generated_Source\\PSoC4\\IDAC_PM.c"
   1:.\Generated_Source\PSoC4/IDAC_PM.c **** /*******************************************************************************
   2:.\Generated_Source\PSoC4/IDAC_PM.c **** * File Name: IDAC_PM.c
   3:.\Generated_Source\PSoC4/IDAC_PM.c **** * Version 1.10
   4:.\Generated_Source\PSoC4/IDAC_PM.c **** *
   5:.\Generated_Source\PSoC4/IDAC_PM.c **** * Description:
   6:.\Generated_Source\PSoC4/IDAC_PM.c **** *  This file provides Low power mode APIs for IDAC_P4 component.
   7:.\Generated_Source\PSoC4/IDAC_PM.c **** *
   8:.\Generated_Source\PSoC4/IDAC_PM.c **** ********************************************************************************
   9:.\Generated_Source\PSoC4/IDAC_PM.c **** * Copyright 2013-2015, Cypress Semiconductor Corporation.  All rights reserved.
  10:.\Generated_Source\PSoC4/IDAC_PM.c **** * You may use this file only in accordance with the license, terms, conditions,
  11:.\Generated_Source\PSoC4/IDAC_PM.c **** * disclaimers, and limitations in the end user license agreement accompanying
  12:.\Generated_Source\PSoC4/IDAC_PM.c **** * the software package with which this file was provided.
  13:.\Generated_Source\PSoC4/IDAC_PM.c **** *******************************************************************************/
  14:.\Generated_Source\PSoC4/IDAC_PM.c **** 
  15:.\Generated_Source\PSoC4/IDAC_PM.c **** #include "IDAC.h"
  16:.\Generated_Source\PSoC4/IDAC_PM.c **** 
  17:.\Generated_Source\PSoC4/IDAC_PM.c **** 
  18:.\Generated_Source\PSoC4/IDAC_PM.c **** static IDAC_BACKUP_STRUCT IDAC_backup;
  19:.\Generated_Source\PSoC4/IDAC_PM.c **** 
  20:.\Generated_Source\PSoC4/IDAC_PM.c **** 
  21:.\Generated_Source\PSoC4/IDAC_PM.c **** /*******************************************************************************
  22:.\Generated_Source\PSoC4/IDAC_PM.c **** * Function Name: IDAC_SaveConfig
  23:.\Generated_Source\PSoC4/IDAC_PM.c **** ********************************************************************************
  24:.\Generated_Source\PSoC4/IDAC_PM.c **** *
  25:.\Generated_Source\PSoC4/IDAC_PM.c **** * Summary:
  26:.\Generated_Source\PSoC4/IDAC_PM.c **** *  Saves component state before sleep
  27:.\Generated_Source\PSoC4/IDAC_PM.c **** * Parameters:
  28:.\Generated_Source\PSoC4/IDAC_PM.c **** *  None
  29:.\Generated_Source\PSoC4/IDAC_PM.c **** *
  30:.\Generated_Source\PSoC4/IDAC_PM.c **** * Return:
  31:.\Generated_Source\PSoC4/IDAC_PM.c **** *  None
  32:.\Generated_Source\PSoC4/IDAC_PM.c **** *
ARM GAS  C:\Users\Raulmo\AppData\Local\Temp\cc5JAujf.s 			page 2


  33:.\Generated_Source\PSoC4/IDAC_PM.c **** * Global Variables:
  34:.\Generated_Source\PSoC4/IDAC_PM.c **** *  None
  35:.\Generated_Source\PSoC4/IDAC_PM.c **** *
  36:.\Generated_Source\PSoC4/IDAC_PM.c **** *******************************************************************************/
  37:.\Generated_Source\PSoC4/IDAC_PM.c **** void IDAC_SaveConfig(void)
  38:.\Generated_Source\PSoC4/IDAC_PM.c **** {
  26              		.loc 1 38 0
  27              		.cfi_startproc
  39:.\Generated_Source\PSoC4/IDAC_PM.c ****     /* All registers are retention - nothing to save */
  40:.\Generated_Source\PSoC4/IDAC_PM.c **** }
  28              		.loc 1 40 0
  29              		@ sp needed
  30 0000 7047     		bx	lr
  31              		.cfi_endproc
  32              	.LFE2:
  33              		.size	IDAC_SaveConfig, .-IDAC_SaveConfig
  34 0002 C046     		.section	.text.IDAC_Sleep,"ax",%progbits
  35              		.align	2
  36              		.global	IDAC_Sleep
  37              		.code	16
  38              		.thumb_func
  39              		.type	IDAC_Sleep, %function
  40              	IDAC_Sleep:
  41              	.LFB3:
  41:.\Generated_Source\PSoC4/IDAC_PM.c **** 
  42:.\Generated_Source\PSoC4/IDAC_PM.c **** 
  43:.\Generated_Source\PSoC4/IDAC_PM.c **** /*******************************************************************************
  44:.\Generated_Source\PSoC4/IDAC_PM.c **** * Function Name: IDAC_Sleep
  45:.\Generated_Source\PSoC4/IDAC_PM.c **** ********************************************************************************
  46:.\Generated_Source\PSoC4/IDAC_PM.c **** *
  47:.\Generated_Source\PSoC4/IDAC_PM.c **** * Summary:
  48:.\Generated_Source\PSoC4/IDAC_PM.c **** *  Calls _SaveConfig() function
  49:.\Generated_Source\PSoC4/IDAC_PM.c **** * Parameters:
  50:.\Generated_Source\PSoC4/IDAC_PM.c **** *  None
  51:.\Generated_Source\PSoC4/IDAC_PM.c **** *
  52:.\Generated_Source\PSoC4/IDAC_PM.c **** * Return:
  53:.\Generated_Source\PSoC4/IDAC_PM.c **** *  None
  54:.\Generated_Source\PSoC4/IDAC_PM.c **** *
  55:.\Generated_Source\PSoC4/IDAC_PM.c **** *******************************************************************************/
  56:.\Generated_Source\PSoC4/IDAC_PM.c **** void IDAC_Sleep(void)
  57:.\Generated_Source\PSoC4/IDAC_PM.c **** {
  42              		.loc 1 57 0
  43              		.cfi_startproc
  44 0000 08B5     		push	{r3, lr}
  45              		.cfi_def_cfa_offset 8
  46              		.cfi_offset 3, -8
  47              		.cfi_offset 14, -4
  58:.\Generated_Source\PSoC4/IDAC_PM.c ****         if(0u != (IDAC_IDAC_CONTROL_REG & ((uint32)IDAC_IDAC_MODE_MASK <<
  48              		.loc 1 58 0
  49 0002 084B     		ldr	r3, .L5
  50 0004 1A68     		ldr	r2, [r3]
  51 0006 C023     		mov	r3, #192
  52 0008 9B00     		lsl	r3, r3, #2
  53 000a 1A42     		tst	r2, r3
  54 000c 03D0     		beq	.L3
  59:.\Generated_Source\PSoC4/IDAC_PM.c ****         IDAC_IDAC_MODE_POSITION)))
  60:.\Generated_Source\PSoC4/IDAC_PM.c ****         {
ARM GAS  C:\Users\Raulmo\AppData\Local\Temp\cc5JAujf.s 			page 3


  61:.\Generated_Source\PSoC4/IDAC_PM.c ****             IDAC_backup.enableState = 1u;
  55              		.loc 1 61 0
  56 000e 0122     		mov	r2, #1
  57 0010 054B     		ldr	r3, .L5+4
  58 0012 1A70     		strb	r2, [r3]
  59 0014 02E0     		b	.L4
  60              	.L3:
  62:.\Generated_Source\PSoC4/IDAC_PM.c ****         }
  63:.\Generated_Source\PSoC4/IDAC_PM.c ****         else
  64:.\Generated_Source\PSoC4/IDAC_PM.c ****         {
  65:.\Generated_Source\PSoC4/IDAC_PM.c ****             IDAC_backup.enableState = 0u;
  61              		.loc 1 65 0
  62 0016 0022     		mov	r2, #0
  63 0018 034B     		ldr	r3, .L5+4
  64 001a 1A70     		strb	r2, [r3]
  65              	.L4:
  66:.\Generated_Source\PSoC4/IDAC_PM.c ****         }
  67:.\Generated_Source\PSoC4/IDAC_PM.c **** 
  68:.\Generated_Source\PSoC4/IDAC_PM.c ****     IDAC_Stop();
  66              		.loc 1 68 0
  67 001c FFF7FEFF 		bl	IDAC_Stop
  68              	.LVL0:
  69:.\Generated_Source\PSoC4/IDAC_PM.c ****     IDAC_SaveConfig();
  70:.\Generated_Source\PSoC4/IDAC_PM.c **** }
  69              		.loc 1 70 0
  70              		@ sp needed
  71 0020 08BD     		pop	{r3, pc}
  72              	.L6:
  73 0022 C046     		.align	2
  74              	.L5:
  75 0024 08002840 		.word	1076363272
  76 0028 00000000 		.word	.LANCHOR0
  77              		.cfi_endproc
  78              	.LFE3:
  79              		.size	IDAC_Sleep, .-IDAC_Sleep
  80              		.section	.text.IDAC_RestoreConfig,"ax",%progbits
  81              		.align	2
  82              		.global	IDAC_RestoreConfig
  83              		.code	16
  84              		.thumb_func
  85              		.type	IDAC_RestoreConfig, %function
  86              	IDAC_RestoreConfig:
  87              	.LFB4:
  71:.\Generated_Source\PSoC4/IDAC_PM.c **** 
  72:.\Generated_Source\PSoC4/IDAC_PM.c **** 
  73:.\Generated_Source\PSoC4/IDAC_PM.c **** /*******************************************************************************
  74:.\Generated_Source\PSoC4/IDAC_PM.c **** * Function Name: IDAC_RestoreConfig
  75:.\Generated_Source\PSoC4/IDAC_PM.c **** ********************************************************************************
  76:.\Generated_Source\PSoC4/IDAC_PM.c **** *
  77:.\Generated_Source\PSoC4/IDAC_PM.c **** * Summary:
  78:.\Generated_Source\PSoC4/IDAC_PM.c **** *  Restores component state after wakeup
  79:.\Generated_Source\PSoC4/IDAC_PM.c **** * Parameters:
  80:.\Generated_Source\PSoC4/IDAC_PM.c **** *  None
  81:.\Generated_Source\PSoC4/IDAC_PM.c **** *
  82:.\Generated_Source\PSoC4/IDAC_PM.c **** * Return:
  83:.\Generated_Source\PSoC4/IDAC_PM.c **** *  None
  84:.\Generated_Source\PSoC4/IDAC_PM.c **** *
ARM GAS  C:\Users\Raulmo\AppData\Local\Temp\cc5JAujf.s 			page 4


  85:.\Generated_Source\PSoC4/IDAC_PM.c **** * Global Variables:
  86:.\Generated_Source\PSoC4/IDAC_PM.c **** *  None
  87:.\Generated_Source\PSoC4/IDAC_PM.c **** *
  88:.\Generated_Source\PSoC4/IDAC_PM.c **** *******************************************************************************/
  89:.\Generated_Source\PSoC4/IDAC_PM.c **** void IDAC_RestoreConfig(void)
  90:.\Generated_Source\PSoC4/IDAC_PM.c **** {
  88              		.loc 1 90 0
  89              		.cfi_startproc
  91:.\Generated_Source\PSoC4/IDAC_PM.c ****     /* All registers are retention - nothing to save */
  92:.\Generated_Source\PSoC4/IDAC_PM.c **** }
  90              		.loc 1 92 0
  91              		@ sp needed
  92 0000 7047     		bx	lr
  93              		.cfi_endproc
  94              	.LFE4:
  95              		.size	IDAC_RestoreConfig, .-IDAC_RestoreConfig
  96 0002 C046     		.section	.text.IDAC_Wakeup,"ax",%progbits
  97              		.align	2
  98              		.global	IDAC_Wakeup
  99              		.code	16
 100              		.thumb_func
 101              		.type	IDAC_Wakeup, %function
 102              	IDAC_Wakeup:
 103              	.LFB5:
  93:.\Generated_Source\PSoC4/IDAC_PM.c **** 
  94:.\Generated_Source\PSoC4/IDAC_PM.c **** 
  95:.\Generated_Source\PSoC4/IDAC_PM.c **** /*******************************************************************************
  96:.\Generated_Source\PSoC4/IDAC_PM.c **** * Function Name: IDAC_Wakeup
  97:.\Generated_Source\PSoC4/IDAC_PM.c **** ********************************************************************************
  98:.\Generated_Source\PSoC4/IDAC_PM.c **** *
  99:.\Generated_Source\PSoC4/IDAC_PM.c **** * Summary:
 100:.\Generated_Source\PSoC4/IDAC_PM.c **** *  Calls _RestoreConfig() function
 101:.\Generated_Source\PSoC4/IDAC_PM.c **** * Parameters:
 102:.\Generated_Source\PSoC4/IDAC_PM.c **** *  None
 103:.\Generated_Source\PSoC4/IDAC_PM.c **** *
 104:.\Generated_Source\PSoC4/IDAC_PM.c **** * Return:
 105:.\Generated_Source\PSoC4/IDAC_PM.c **** *  None
 106:.\Generated_Source\PSoC4/IDAC_PM.c **** *
 107:.\Generated_Source\PSoC4/IDAC_PM.c **** *******************************************************************************/
 108:.\Generated_Source\PSoC4/IDAC_PM.c **** void IDAC_Wakeup(void)
 109:.\Generated_Source\PSoC4/IDAC_PM.c **** {
 104              		.loc 1 109 0
 105              		.cfi_startproc
 106 0000 08B5     		push	{r3, lr}
 107              		.cfi_def_cfa_offset 8
 108              		.cfi_offset 3, -8
 109              		.cfi_offset 14, -4
 110:.\Generated_Source\PSoC4/IDAC_PM.c ****     /* Restore IDAC register settings */
 111:.\Generated_Source\PSoC4/IDAC_PM.c ****     IDAC_RestoreConfig();
 112:.\Generated_Source\PSoC4/IDAC_PM.c ****     if(IDAC_backup.enableState == 1u)
 110              		.loc 1 112 0
 111 0002 034B     		ldr	r3, .L10
 112 0004 1B78     		ldrb	r3, [r3]
 113 0006 012B     		cmp	r3, #1
 114 0008 01D1     		bne	.L8
 113:.\Generated_Source\PSoC4/IDAC_PM.c ****     {
 114:.\Generated_Source\PSoC4/IDAC_PM.c ****         /* Enable operation */
ARM GAS  C:\Users\Raulmo\AppData\Local\Temp\cc5JAujf.s 			page 5


 115:.\Generated_Source\PSoC4/IDAC_PM.c ****         IDAC_Enable();
 115              		.loc 1 115 0
 116 000a FFF7FEFF 		bl	IDAC_Enable
 117              	.LVL1:
 118              	.L8:
 116:.\Generated_Source\PSoC4/IDAC_PM.c ****     } /* Do nothing if the component was disabled before */
 117:.\Generated_Source\PSoC4/IDAC_PM.c **** 
 118:.\Generated_Source\PSoC4/IDAC_PM.c **** }
 119              		.loc 1 118 0
 120              		@ sp needed
 121 000e 08BD     		pop	{r3, pc}
 122              	.L11:
 123              		.align	2
 124              	.L10:
 125 0010 00000000 		.word	.LANCHOR0
 126              		.cfi_endproc
 127              	.LFE5:
 128              		.size	IDAC_Wakeup, .-IDAC_Wakeup
 129              		.bss
 130              		.align	2
 131              		.set	.LANCHOR0,. + 0
 132              		.type	IDAC_backup, %object
 133              		.size	IDAC_backup, 1
 134              	IDAC_backup:
 135 0000 00       		.space	1
 136 0001 000000   		.text
 137              	.Letext0:
 138              		.file 2 ".\\Generated_Source\\PSoC4\\cytypes.h"
 139              		.file 3 ".\\Generated_Source\\PSoC4\\IDAC.h"
 140              		.section	.debug_info,"",%progbits
 141              	.Ldebug_info0:
 142 0000 4A010000 		.4byte	0x14a
 143 0004 0400     		.2byte	0x4
 144 0006 00000000 		.4byte	.Ldebug_abbrev0
 145 000a 04       		.byte	0x4
 146 000b 01       		.uleb128 0x1
 147 000c 87010000 		.4byte	.LASF23
 148 0010 01       		.byte	0x1
 149 0011 A3000000 		.4byte	.LASF24
 150 0015 12010000 		.4byte	.LASF25
 151 0019 00000000 		.4byte	.Ldebug_ranges0+0
 152 001d 00000000 		.4byte	0
 153 0021 00000000 		.4byte	.Ldebug_line0
 154 0025 02       		.uleb128 0x2
 155 0026 01       		.byte	0x1
 156 0027 06       		.byte	0x6
 157 0028 6B010000 		.4byte	.LASF0
 158 002c 02       		.uleb128 0x2
 159 002d 01       		.byte	0x1
 160 002e 08       		.byte	0x8
 161 002f C6000000 		.4byte	.LASF1
 162 0033 02       		.uleb128 0x2
 163 0034 02       		.byte	0x2
 164 0035 05       		.byte	0x5
 165 0036 7D010000 		.4byte	.LASF2
 166 003a 02       		.uleb128 0x2
 167 003b 02       		.byte	0x2
ARM GAS  C:\Users\Raulmo\AppData\Local\Temp\cc5JAujf.s 			page 6


 168 003c 07       		.byte	0x7
 169 003d 58010000 		.4byte	.LASF3
 170 0041 02       		.uleb128 0x2
 171 0042 04       		.byte	0x4
 172 0043 05       		.byte	0x5
 173 0044 F6000000 		.4byte	.LASF4
 174 0048 02       		.uleb128 0x2
 175 0049 04       		.byte	0x4
 176 004a 07       		.byte	0x7
 177 004b 34000000 		.4byte	.LASF5
 178 004f 02       		.uleb128 0x2
 179 0050 08       		.byte	0x8
 180 0051 05       		.byte	0x5
 181 0052 00000000 		.4byte	.LASF6
 182 0056 02       		.uleb128 0x2
 183 0057 08       		.byte	0x8
 184 0058 07       		.byte	0x7
 185 0059 46000000 		.4byte	.LASF7
 186 005d 03       		.uleb128 0x3
 187 005e 04       		.byte	0x4
 188 005f 05       		.byte	0x5
 189 0060 696E7400 		.ascii	"int\000"
 190 0064 02       		.uleb128 0x2
 191 0065 04       		.byte	0x4
 192 0066 07       		.byte	0x7
 193 0067 21000000 		.4byte	.LASF8
 194 006b 04       		.uleb128 0x4
 195 006c 2E000000 		.4byte	.LASF9
 196 0070 02       		.byte	0x2
 197 0071 B3       		.byte	0xb3
 198 0072 2C000000 		.4byte	0x2c
 199 0076 04       		.uleb128 0x4
 200 0077 0E000000 		.4byte	.LASF10
 201 007b 02       		.byte	0x2
 202 007c B5       		.byte	0xb5
 203 007d 48000000 		.4byte	0x48
 204 0081 02       		.uleb128 0x2
 205 0082 04       		.byte	0x4
 206 0083 04       		.byte	0x4
 207 0084 77010000 		.4byte	.LASF11
 208 0088 02       		.uleb128 0x2
 209 0089 08       		.byte	0x8
 210 008a 04       		.byte	0x4
 211 008b FF000000 		.4byte	.LASF12
 212 008f 02       		.uleb128 0x2
 213 0090 01       		.byte	0x1
 214 0091 08       		.byte	0x8
 215 0092 D4000000 		.4byte	.LASF13
 216 0096 05       		.uleb128 0x5
 217 0097 52010000 		.4byte	.LASF14
 218 009b 02       		.byte	0x2
 219 009c 5F01     		.2byte	0x15f
 220 009e A2000000 		.4byte	0xa2
 221 00a2 06       		.uleb128 0x6
 222 00a3 76000000 		.4byte	0x76
 223 00a7 02       		.uleb128 0x2
 224 00a8 04       		.byte	0x4
ARM GAS  C:\Users\Raulmo\AppData\Local\Temp\cc5JAujf.s 			page 7


 225 00a9 07       		.byte	0x7
 226 00aa 03020000 		.4byte	.LASF15
 227 00ae 07       		.uleb128 0x7
 228 00af 01       		.byte	0x1
 229 00b0 03       		.byte	0x3
 230 00b1 1D       		.byte	0x1d
 231 00b2 C3000000 		.4byte	0xc3
 232 00b6 08       		.uleb128 0x8
 233 00b7 15000000 		.4byte	.LASF26
 234 00bb 03       		.byte	0x3
 235 00bc 1F       		.byte	0x1f
 236 00bd 6B000000 		.4byte	0x6b
 237 00c1 00       		.byte	0
 238 00c2 00       		.byte	0
 239 00c3 04       		.uleb128 0x4
 240 00c4 90000000 		.4byte	.LASF16
 241 00c8 03       		.byte	0x3
 242 00c9 20       		.byte	0x20
 243 00ca AE000000 		.4byte	0xae
 244 00ce 09       		.uleb128 0x9
 245 00cf 5D000000 		.4byte	.LASF17
 246 00d3 01       		.byte	0x1
 247 00d4 25       		.byte	0x25
 248 00d5 00000000 		.4byte	.LFB2
 249 00d9 02000000 		.4byte	.LFE2-.LFB2
 250 00dd 01       		.uleb128 0x1
 251 00de 9C       		.byte	0x9c
 252 00df 0A       		.uleb128 0xa
 253 00e0 6D000000 		.4byte	.LASF19
 254 00e4 01       		.byte	0x1
 255 00e5 38       		.byte	0x38
 256 00e6 00000000 		.4byte	.LFB3
 257 00ea 2C000000 		.4byte	.LFE3-.LFB3
 258 00ee 01       		.uleb128 0x1
 259 00ef 9C       		.byte	0x9c
 260 00f0 FE000000 		.4byte	0xfe
 261 00f4 0B       		.uleb128 0xb
 262 00f5 20000000 		.4byte	.LVL0
 263 00f9 3F010000 		.4byte	0x13f
 264 00fd 00       		.byte	0
 265 00fe 09       		.uleb128 0x9
 266 00ff D9000000 		.4byte	.LASF18
 267 0103 01       		.byte	0x1
 268 0104 59       		.byte	0x59
 269 0105 00000000 		.4byte	.LFB4
 270 0109 02000000 		.4byte	.LFE4-.LFB4
 271 010d 01       		.uleb128 0x1
 272 010e 9C       		.byte	0x9c
 273 010f 0A       		.uleb128 0xa
 274 0110 78000000 		.4byte	.LASF20
 275 0114 01       		.byte	0x1
 276 0115 6C       		.byte	0x6c
 277 0116 00000000 		.4byte	.LFB5
 278 011a 14000000 		.4byte	.LFE5-.LFB5
 279 011e 01       		.uleb128 0x1
 280 011f 9C       		.byte	0x9c
 281 0120 2E010000 		.4byte	0x12e
ARM GAS  C:\Users\Raulmo\AppData\Local\Temp\cc5JAujf.s 			page 8


 282 0124 0B       		.uleb128 0xb
 283 0125 0E000000 		.4byte	.LVL1
 284 0129 46010000 		.4byte	0x146
 285 012d 00       		.byte	0
 286 012e 0C       		.uleb128 0xc
 287 012f 06010000 		.4byte	.LASF27
 288 0133 01       		.byte	0x1
 289 0134 12       		.byte	0x12
 290 0135 C3000000 		.4byte	0xc3
 291 0139 05       		.uleb128 0x5
 292 013a 03       		.byte	0x3
 293 013b 00000000 		.4byte	IDAC_backup
 294 013f 0D       		.uleb128 0xd
 295 0140 EC000000 		.4byte	.LASF21
 296 0144 03       		.byte	0x3
 297 0145 53       		.byte	0x53
 298 0146 0D       		.uleb128 0xd
 299 0147 84000000 		.4byte	.LASF22
 300 014b 03       		.byte	0x3
 301 014c 51       		.byte	0x51
 302 014d 00       		.byte	0
 303              		.section	.debug_abbrev,"",%progbits
 304              	.Ldebug_abbrev0:
 305 0000 01       		.uleb128 0x1
 306 0001 11       		.uleb128 0x11
 307 0002 01       		.byte	0x1
 308 0003 25       		.uleb128 0x25
 309 0004 0E       		.uleb128 0xe
 310 0005 13       		.uleb128 0x13
 311 0006 0B       		.uleb128 0xb
 312 0007 03       		.uleb128 0x3
 313 0008 0E       		.uleb128 0xe
 314 0009 1B       		.uleb128 0x1b
 315 000a 0E       		.uleb128 0xe
 316 000b 55       		.uleb128 0x55
 317 000c 17       		.uleb128 0x17
 318 000d 11       		.uleb128 0x11
 319 000e 01       		.uleb128 0x1
 320 000f 10       		.uleb128 0x10
 321 0010 17       		.uleb128 0x17
 322 0011 00       		.byte	0
 323 0012 00       		.byte	0
 324 0013 02       		.uleb128 0x2
 325 0014 24       		.uleb128 0x24
 326 0015 00       		.byte	0
 327 0016 0B       		.uleb128 0xb
 328 0017 0B       		.uleb128 0xb
 329 0018 3E       		.uleb128 0x3e
 330 0019 0B       		.uleb128 0xb
 331 001a 03       		.uleb128 0x3
 332 001b 0E       		.uleb128 0xe
 333 001c 00       		.byte	0
 334 001d 00       		.byte	0
 335 001e 03       		.uleb128 0x3
 336 001f 24       		.uleb128 0x24
 337 0020 00       		.byte	0
 338 0021 0B       		.uleb128 0xb
ARM GAS  C:\Users\Raulmo\AppData\Local\Temp\cc5JAujf.s 			page 9


 339 0022 0B       		.uleb128 0xb
 340 0023 3E       		.uleb128 0x3e
 341 0024 0B       		.uleb128 0xb
 342 0025 03       		.uleb128 0x3
 343 0026 08       		.uleb128 0x8
 344 0027 00       		.byte	0
 345 0028 00       		.byte	0
 346 0029 04       		.uleb128 0x4
 347 002a 16       		.uleb128 0x16
 348 002b 00       		.byte	0
 349 002c 03       		.uleb128 0x3
 350 002d 0E       		.uleb128 0xe
 351 002e 3A       		.uleb128 0x3a
 352 002f 0B       		.uleb128 0xb
 353 0030 3B       		.uleb128 0x3b
 354 0031 0B       		.uleb128 0xb
 355 0032 49       		.uleb128 0x49
 356 0033 13       		.uleb128 0x13
 357 0034 00       		.byte	0
 358 0035 00       		.byte	0
 359 0036 05       		.uleb128 0x5
 360 0037 16       		.uleb128 0x16
 361 0038 00       		.byte	0
 362 0039 03       		.uleb128 0x3
 363 003a 0E       		.uleb128 0xe
 364 003b 3A       		.uleb128 0x3a
 365 003c 0B       		.uleb128 0xb
 366 003d 3B       		.uleb128 0x3b
 367 003e 05       		.uleb128 0x5
 368 003f 49       		.uleb128 0x49
 369 0040 13       		.uleb128 0x13
 370 0041 00       		.byte	0
 371 0042 00       		.byte	0
 372 0043 06       		.uleb128 0x6
 373 0044 35       		.uleb128 0x35
 374 0045 00       		.byte	0
 375 0046 49       		.uleb128 0x49
 376 0047 13       		.uleb128 0x13
 377 0048 00       		.byte	0
 378 0049 00       		.byte	0
 379 004a 07       		.uleb128 0x7
 380 004b 13       		.uleb128 0x13
 381 004c 01       		.byte	0x1
 382 004d 0B       		.uleb128 0xb
 383 004e 0B       		.uleb128 0xb
 384 004f 3A       		.uleb128 0x3a
 385 0050 0B       		.uleb128 0xb
 386 0051 3B       		.uleb128 0x3b
 387 0052 0B       		.uleb128 0xb
 388 0053 01       		.uleb128 0x1
 389 0054 13       		.uleb128 0x13
 390 0055 00       		.byte	0
 391 0056 00       		.byte	0
 392 0057 08       		.uleb128 0x8
 393 0058 0D       		.uleb128 0xd
 394 0059 00       		.byte	0
 395 005a 03       		.uleb128 0x3
ARM GAS  C:\Users\Raulmo\AppData\Local\Temp\cc5JAujf.s 			page 10


 396 005b 0E       		.uleb128 0xe
 397 005c 3A       		.uleb128 0x3a
 398 005d 0B       		.uleb128 0xb
 399 005e 3B       		.uleb128 0x3b
 400 005f 0B       		.uleb128 0xb
 401 0060 49       		.uleb128 0x49
 402 0061 13       		.uleb128 0x13
 403 0062 38       		.uleb128 0x38
 404 0063 0B       		.uleb128 0xb
 405 0064 00       		.byte	0
 406 0065 00       		.byte	0
 407 0066 09       		.uleb128 0x9
 408 0067 2E       		.uleb128 0x2e
 409 0068 00       		.byte	0
 410 0069 3F       		.uleb128 0x3f
 411 006a 19       		.uleb128 0x19
 412 006b 03       		.uleb128 0x3
 413 006c 0E       		.uleb128 0xe
 414 006d 3A       		.uleb128 0x3a
 415 006e 0B       		.uleb128 0xb
 416 006f 3B       		.uleb128 0x3b
 417 0070 0B       		.uleb128 0xb
 418 0071 27       		.uleb128 0x27
 419 0072 19       		.uleb128 0x19
 420 0073 11       		.uleb128 0x11
 421 0074 01       		.uleb128 0x1
 422 0075 12       		.uleb128 0x12
 423 0076 06       		.uleb128 0x6
 424 0077 40       		.uleb128 0x40
 425 0078 18       		.uleb128 0x18
 426 0079 9742     		.uleb128 0x2117
 427 007b 19       		.uleb128 0x19
 428 007c 00       		.byte	0
 429 007d 00       		.byte	0
 430 007e 0A       		.uleb128 0xa
 431 007f 2E       		.uleb128 0x2e
 432 0080 01       		.byte	0x1
 433 0081 3F       		.uleb128 0x3f
 434 0082 19       		.uleb128 0x19
 435 0083 03       		.uleb128 0x3
 436 0084 0E       		.uleb128 0xe
 437 0085 3A       		.uleb128 0x3a
 438 0086 0B       		.uleb128 0xb
 439 0087 3B       		.uleb128 0x3b
 440 0088 0B       		.uleb128 0xb
 441 0089 27       		.uleb128 0x27
 442 008a 19       		.uleb128 0x19
 443 008b 11       		.uleb128 0x11
 444 008c 01       		.uleb128 0x1
 445 008d 12       		.uleb128 0x12
 446 008e 06       		.uleb128 0x6
 447 008f 40       		.uleb128 0x40
 448 0090 18       		.uleb128 0x18
 449 0091 9742     		.uleb128 0x2117
 450 0093 19       		.uleb128 0x19
 451 0094 01       		.uleb128 0x1
 452 0095 13       		.uleb128 0x13
ARM GAS  C:\Users\Raulmo\AppData\Local\Temp\cc5JAujf.s 			page 11


 453 0096 00       		.byte	0
 454 0097 00       		.byte	0
 455 0098 0B       		.uleb128 0xb
 456 0099 898201   		.uleb128 0x4109
 457 009c 00       		.byte	0
 458 009d 11       		.uleb128 0x11
 459 009e 01       		.uleb128 0x1
 460 009f 31       		.uleb128 0x31
 461 00a0 13       		.uleb128 0x13
 462 00a1 00       		.byte	0
 463 00a2 00       		.byte	0
 464 00a3 0C       		.uleb128 0xc
 465 00a4 34       		.uleb128 0x34
 466 00a5 00       		.byte	0
 467 00a6 03       		.uleb128 0x3
 468 00a7 0E       		.uleb128 0xe
 469 00a8 3A       		.uleb128 0x3a
 470 00a9 0B       		.uleb128 0xb
 471 00aa 3B       		.uleb128 0x3b
 472 00ab 0B       		.uleb128 0xb
 473 00ac 49       		.uleb128 0x49
 474 00ad 13       		.uleb128 0x13
 475 00ae 02       		.uleb128 0x2
 476 00af 18       		.uleb128 0x18
 477 00b0 00       		.byte	0
 478 00b1 00       		.byte	0
 479 00b2 0D       		.uleb128 0xd
 480 00b3 2E       		.uleb128 0x2e
 481 00b4 00       		.byte	0
 482 00b5 3F       		.uleb128 0x3f
 483 00b6 19       		.uleb128 0x19
 484 00b7 03       		.uleb128 0x3
 485 00b8 0E       		.uleb128 0xe
 486 00b9 3A       		.uleb128 0x3a
 487 00ba 0B       		.uleb128 0xb
 488 00bb 3B       		.uleb128 0x3b
 489 00bc 0B       		.uleb128 0xb
 490 00bd 27       		.uleb128 0x27
 491 00be 19       		.uleb128 0x19
 492 00bf 3C       		.uleb128 0x3c
 493 00c0 19       		.uleb128 0x19
 494 00c1 00       		.byte	0
 495 00c2 00       		.byte	0
 496 00c3 00       		.byte	0
 497              		.section	.debug_aranges,"",%progbits
 498 0000 34000000 		.4byte	0x34
 499 0004 0200     		.2byte	0x2
 500 0006 00000000 		.4byte	.Ldebug_info0
 501 000a 04       		.byte	0x4
 502 000b 00       		.byte	0
 503 000c 0000     		.2byte	0
 504 000e 0000     		.2byte	0
 505 0010 00000000 		.4byte	.LFB2
 506 0014 02000000 		.4byte	.LFE2-.LFB2
 507 0018 00000000 		.4byte	.LFB3
 508 001c 2C000000 		.4byte	.LFE3-.LFB3
 509 0020 00000000 		.4byte	.LFB4
ARM GAS  C:\Users\Raulmo\AppData\Local\Temp\cc5JAujf.s 			page 12


 510 0024 02000000 		.4byte	.LFE4-.LFB4
 511 0028 00000000 		.4byte	.LFB5
 512 002c 14000000 		.4byte	.LFE5-.LFB5
 513 0030 00000000 		.4byte	0
 514 0034 00000000 		.4byte	0
 515              		.section	.debug_ranges,"",%progbits
 516              	.Ldebug_ranges0:
 517 0000 00000000 		.4byte	.LFB2
 518 0004 02000000 		.4byte	.LFE2
 519 0008 00000000 		.4byte	.LFB3
 520 000c 2C000000 		.4byte	.LFE3
 521 0010 00000000 		.4byte	.LFB4
 522 0014 02000000 		.4byte	.LFE4
 523 0018 00000000 		.4byte	.LFB5
 524 001c 14000000 		.4byte	.LFE5
 525 0020 00000000 		.4byte	0
 526 0024 00000000 		.4byte	0
 527              		.section	.debug_line,"",%progbits
 528              	.Ldebug_line0:
 529 0000 9E000000 		.section	.debug_str,"MS",%progbits,1
 529      02005000 
 529      00000201 
 529      FB0E0D00 
 529      01010101 
 530              	.LASF6:
 531 0000 6C6F6E67 		.ascii	"long long int\000"
 531      206C6F6E 
 531      6720696E 
 531      7400
 532              	.LASF10:
 533 000e 75696E74 		.ascii	"uint32\000"
 533      333200
 534              	.LASF26:
 535 0015 656E6162 		.ascii	"enableState\000"
 535      6C655374 
 535      61746500 
 536              	.LASF8:
 537 0021 756E7369 		.ascii	"unsigned int\000"
 537      676E6564 
 537      20696E74 
 537      00
 538              	.LASF9:
 539 002e 75696E74 		.ascii	"uint8\000"
 539      3800
 540              	.LASF5:
 541 0034 6C6F6E67 		.ascii	"long unsigned int\000"
 541      20756E73 
 541      69676E65 
 541      6420696E 
 541      7400
 542              	.LASF7:
 543 0046 6C6F6E67 		.ascii	"long long unsigned int\000"
 543      206C6F6E 
 543      6720756E 
 543      7369676E 
 543      65642069 
 544              	.LASF17:
ARM GAS  C:\Users\Raulmo\AppData\Local\Temp\cc5JAujf.s 			page 13


 545 005d 49444143 		.ascii	"IDAC_SaveConfig\000"
 545      5F536176 
 545      65436F6E 
 545      66696700 
 546              	.LASF19:
 547 006d 49444143 		.ascii	"IDAC_Sleep\000"
 547      5F536C65 
 547      657000
 548              	.LASF20:
 549 0078 49444143 		.ascii	"IDAC_Wakeup\000"
 549      5F57616B 
 549      65757000 
 550              	.LASF22:
 551 0084 49444143 		.ascii	"IDAC_Enable\000"
 551      5F456E61 
 551      626C6500 
 552              	.LASF16:
 553 0090 49444143 		.ascii	"IDAC_BACKUP_STRUCT\000"
 553      5F424143 
 553      4B55505F 
 553      53545255 
 553      435400
 554              	.LASF24:
 555 00a3 2E5C4765 		.ascii	".\\Generated_Source\\PSoC4\\IDAC_PM.c\000"
 555      6E657261 
 555      7465645F 
 555      536F7572 
 555      63655C50 
 556              	.LASF1:
 557 00c6 756E7369 		.ascii	"unsigned char\000"
 557      676E6564 
 557      20636861 
 557      7200
 558              	.LASF13:
 559 00d4 63686172 		.ascii	"char\000"
 559      00
 560              	.LASF18:
 561 00d9 49444143 		.ascii	"IDAC_RestoreConfig\000"
 561      5F526573 
 561      746F7265 
 561      436F6E66 
 561      696700
 562              	.LASF21:
 563 00ec 49444143 		.ascii	"IDAC_Stop\000"
 563      5F53746F 
 563      7000
 564              	.LASF4:
 565 00f6 6C6F6E67 		.ascii	"long int\000"
 565      20696E74 
 565      00
 566              	.LASF12:
 567 00ff 646F7562 		.ascii	"double\000"
 567      6C6500
 568              	.LASF27:
 569 0106 49444143 		.ascii	"IDAC_backup\000"
 569      5F626163 
 569      6B757000 
ARM GAS  C:\Users\Raulmo\AppData\Local\Temp\cc5JAujf.s 			page 14


 570              	.LASF25:
 571 0112 433A5C55 		.ascii	"C:\\Users\\Raulmo\\Desktop\\Lightening\\BLE_FindMe0"
 571      73657273 
 571      5C526175 
 571      6C6D6F5C 
 571      4465736B 
 572 0140 315C4944 		.ascii	"1\\IDAC_BLE2.cydsn\000"
 572      41435F42 
 572      4C45322E 
 572      63796473 
 572      6E00
 573              	.LASF14:
 574 0152 72656733 		.ascii	"reg32\000"
 574      3200
 575              	.LASF3:
 576 0158 73686F72 		.ascii	"short unsigned int\000"
 576      7420756E 
 576      7369676E 
 576      65642069 
 576      6E7400
 577              	.LASF0:
 578 016b 7369676E 		.ascii	"signed char\000"
 578      65642063 
 578      68617200 
 579              	.LASF11:
 580 0177 666C6F61 		.ascii	"float\000"
 580      7400
 581              	.LASF2:
 582 017d 73686F72 		.ascii	"short int\000"
 582      7420696E 
 582      7400
 583              	.LASF23:
 584 0187 474E5520 		.ascii	"GNU C 4.8.4 20140526 (release) [ARM/embedded-4_8-br"
 584      4320342E 
 584      382E3420 
 584      32303134 
 584      30353236 
 585 01ba 616E6368 		.ascii	"anch revision 211358] -mcpu=cortex-m0 -mthumb -g -O"
 585      20726576 
 585      6973696F 
 585      6E203231 
 585      31333538 
 586 01ed 67202D66 		.ascii	"g -ffunction-sections\000"
 586      66756E63 
 586      74696F6E 
 586      2D736563 
 586      74696F6E 
 587              	.LASF15:
 588 0203 73697A65 		.ascii	"sizetype\000"
 588      74797065 
 588      00
 589              		.ident	"GCC: (GNU Tools for ARM Embedded Processors) 4.8.4 20140526 (release) [ARM/embedded-4_8-br
